0 info it worked if it ends with ok
1 verbose cli [ '/usr/bin/node', '/usr/bin/npm', 'unlink', 'gulp-minify-css' ]
2 info using npm@3.7.3
3 info using node@v5.6.0
4 silly loadCurrentTree Starting
5 silly install loadCurrentTree
6 silly install readLocalPackageData
7 silly rollbackFailedOptional Starting
8 silly rollbackFailedOptional Finishing
9 silly runTopLevelLifecycles Starting
10 silly runTopLevelLifecycles Finishing
11 silly install printInstalled
12 verbose stack Error: ENOENT: no such file or directory, stat '/home/ramiro/public_html/www/underscores/node_modules/gulp-minify-css'
12 verbose stack     at Error (native)
13 verbose cwd /home/ramiro/public_html/www/underscores
14 error Linux 4.4.1-2-ARCH
15 error argv "/usr/bin/node" "/usr/bin/npm" "unlink" "gulp-minify-css"
16 error node v5.6.0
17 error npm  v3.7.3
18 error path /home/ramiro/public_html/www/underscores/node_modules/gulp-minify-css
19 error code ENOENT
20 error errno -2
21 error syscall stat
22 error enoent ENOENT: no such file or directory, stat '/home/ramiro/public_html/www/underscores/node_modules/gulp-minify-css'
23 error enoent ENOENT: no such file or directory, stat '/home/ramiro/public_html/www/underscores/node_modules/gulp-minify-css'
23 error enoent This is most likely not a problem with npm itself
23 error enoent and is related to npm not being able to find a file.
24 verbose exit [ -2, true ]
